17:36:03.451 [main] INFO  com.example.ecommerce.service.UserServiceTest - buraya geldi
17:36:03.478 [main] INFO  com.example.ecommerce.service.UserServiceTest - buraya geldi
17:36:03.478 [main] INFO  com.example.ecommerce.service.UserService - user覺nformatin mail 
17:36:29.874 [main] INFO  com.example.ecommerce.service.UserServiceTest - buraya geldi
17:36:29.900 [main] INFO  com.example.ecommerce.service.UserServiceTest - buraya geldi
17:36:29.900 [main] INFO  com.example.ecommerce.service.UserService - user覺nformatin mail 
17:36:38.424 [main] INFO  com.example.ecommerce.service.UserServiceTest - buraya geldi??????????????????????????????????????*
17:59:53.273 [main] INFO  com.example.ecommerce.service.UserServiceTest - buraya geldi
17:59:53.301 [main] INFO  com.example.ecommerce.service.UserServiceTest - buraya geldi
17:59:53.302 [main] INFO  com.example.ecommerce.service.UserService - user覺nformatin mail 
18:00:50.176 [main] INFO  com.example.ecommerce.service.UserServiceTest - buraya geldi
18:00:50.204 [main] INFO  com.example.ecommerce.service.UserServiceTest - buraya geldi
18:00:50.205 [main] INFO  com.example.ecommerce.service.UserService - user覺nformatin mail mail@gmail.com
18:01:20.029 [main] INFO  com.example.ecommerce.service.UserServiceTest - buraya geldi
18:01:20.049 [main] INFO  com.example.ecommerce.service.UserServiceTest - buraya geldi
18:01:20.050 [main] INFO  com.example.ecommerce.service.UserService - user覺nformatin mail: mail@gmail.comfirstName
18:02:58.010 [main] INFO  com.example.ecommerce.service.UserServiceTest - buraya geldi
18:02:58.038 [main] INFO  com.example.ecommerce.service.UserServiceTest - buraya geldi
18:02:58.038 [main] INFO  com.example.ecommerce.service.UserService - user覺nformatin mail: mail@gmail.comfirstNamelastName
18:17:24.064 [main] INFO  com.example.ecommerce.service.UserServiceTest - buraya geldi
18:17:24.086 [main] INFO  com.example.ecommerce.service.UserServiceTest - buraya geldi
18:17:24.086 [main] INFO  com.example.ecommerce.service.UserService - user覺nformatin mail: mail@gmail.comfirstNamelastName
18:18:43.084 [main] INFO  com.example.ecommerce.service.UserServiceTest - buraya geldi
18:18:43.107 [main] INFO  com.example.ecommerce.service.UserServiceTest - buraya geldi
18:18:43.112 [main] INFO  com.example.ecommerce.service.UserService - user覺nformatin mail: mail@gmail.comfirstNamelastNametrue
18:19:38.243 [main] INFO  com.example.ecommerce.service.UserServiceTest - buraya geldi
18:19:38.266 [main] INFO  com.example.ecommerce.service.UserServiceTest - buraya geldi
18:19:38.273 [main] INFO  com.example.ecommerce.service.UserService - user覺nformatin mail: mail@gmail.comfirstNamelastNametrue
18:21:25.961 [main] INFO  com.example.ecommerce.service.UserServiceTest - buraya geldi
18:21:25.987 [main] INFO  com.example.ecommerce.service.UserServiceTest - buraya geldi
18:21:25.994 [main] INFO  com.example.ecommerce.service.UserService - user覺nformatin mail: mail@gmail.comfirstNamelastNametrue
18:23:54.407 [main] INFO  com.example.ecommerce.service.UserServiceTest - buraya geldi
18:23:54.430 [main] INFO  com.example.ecommerce.service.UserServiceTest - buraya geldi
18:23:54.436 [main] INFO  com.example.ecommerce.service.UserService - user覺nformatin mail: mail@gmail.comfirstNamelastNametrue
18:23:54.439 [main] INFO  com.example.ecommerce.service.UserService - mail@gmail.comfirstName
18:26:48.592 [main] INFO  com.example.ecommerce.service.UserServiceTest - buraya geldi
18:26:48.613 [main] INFO  com.example.ecommerce.service.UserServiceTest - buraya geldi
18:26:48.619 [main] INFO  com.example.ecommerce.service.UserService - user覺nformatin mail: mail@gmail.comfirstNamelastNametrue
18:26:48.622 [main] INFO  com.example.ecommerce.service.UserService - mail@gmail.comfirstName
18:26:48.628 [main] INFO  com.example.ecommerce.service.UserService - mail@gmail.comfirstName
00:15:54.758 [main] INFO  com.example.ecommerce.service.UserServiceTest - buraya geldi
00:15:54.766 [main] INFO  com.example.ecommerce.service.UserService - mail@gmail.comfirstName
00:15:54.774 [main] INFO  com.example.ecommerce.service.UserService - mail@gmail.comfirstName
00:16:10.206 [main] INFO  com.example.ecommerce.service.UserServiceTest - buraya geldi
00:16:10.212 [main] INFO  com.example.ecommerce.service.UserService - mail@gmail.comfirstName
00:16:10.218 [main] INFO  com.example.ecommerce.service.UserService - mail@gmail.comfirstName
00:20:45.919 [main] INFO  com.example.ecommerce.service.UserServiceTest - buraya geldi
00:20:45.928 [main] INFO  com.example.ecommerce.service.UserService - mail@gmail.comfirstName
00:20:45.937 [main] INFO  com.example.ecommerce.service.UserService - mail@gmail.comfirstName
00:29:21.578 [main] INFO  com.example.ecommerce.service.UserServiceTest - buraya geldi
00:29:21.585 [main] INFO  com.example.ecommerce.service.UserService - mail@gmail.comfirstName
00:29:21.591 [main] INFO  com.example.ecommerce.service.UserService - mail@gmail.comfirstName
00:30:33.196 [main] INFO  com.example.ecommerce.service.UserServiceTest - buraya geldi
00:30:39.177 [main] INFO  com.example.ecommerce.service.UserService - mail@gmail.comfirstName
00:30:41.108 [main] INFO  com.example.ecommerce.service.UserService - mail@gmail.comfirstName
00:30:53.846 [main] INFO  com.example.ecommerce.service.UserServiceTest - buraya geldi
00:33:06.305 [main] INFO  com.example.ecommerce.service.UserService - mail@gmail.comfirstName
00:35:26.508 [main] INFO  com.example.ecommerce.service.UserService - mail@gmail.comfirstName
00:35:32.056 [main] INFO  com.example.ecommerce.service.UserServiceTest - buraya geldi
00:35:32.062 [main] INFO  com.example.ecommerce.service.UserService - mail@gmail.comfirstName
00:35:32.069 [main] INFO  com.example.ecommerce.service.UserService - mail@gmail.comfirstName
00:41:10.552 [main] INFO  com.example.ecommerce.service.UserServiceTest - buraya geldi
00:41:10.576 [main] INFO  com.example.ecommerce.service.UserServiceTest - buraya geldi
00:41:10.583 [main] INFO  com.example.ecommerce.service.UserService - user覺nformatin mail: mail@gmail.comfirstNamelastNametrue
00:41:10.586 [main] INFO  com.example.ecommerce.service.UserService - mail@gmail.comfirstName
00:41:25.416 [main] INFO  com.example.ecommerce.service.UserServiceTest - buraya geldi
00:41:25.440 [main] INFO  com.example.ecommerce.service.UserServiceTest - buraya geldi
00:41:25.446 [main] INFO  com.example.ecommerce.service.UserService - user覺nformatin mail: mail@gmail.comfirstNamelastNametrue
00:41:25.449 [main] INFO  com.example.ecommerce.service.UserService - mail@gmail.comfirstName
00:41:25.456 [main] INFO  com.example.ecommerce.service.UserService - mail@gmail.comfirstName
00:43:13.134 [main] INFO  com.example.ecommerce.service.UserServiceTest - buraya geldi
00:43:13.140 [main] INFO  com.example.ecommerce.service.UserService - mail@gmail.comfirstName2
00:43:59.964 [main] INFO  com.example.ecommerce.service.UserServiceTest - buraya geldi
00:43:59.971 [main] INFO  com.example.ecommerce.service.UserService - mail@gmail.comfirstName2
00:43:59.978 [main] INFO  com.example.ecommerce.service.UserService - mail@gmail.comfirstName2
00:44:24.557 [main] INFO  com.example.ecommerce.service.UserServiceTest - buraya geldi
00:44:24.590 [main] INFO  com.example.ecommerce.service.UserServiceTest - buraya geldi??????????????????????????????????????*
00:44:24.592 [main] INFO  com.example.ecommerce.service.UserService - mail@gmail.comfirstName100
00:44:24.593 [main] INFO  com.example.ecommerce.service.UserService - mail@gmail.comfirstName100
00:44:53.186 [main] INFO  com.example.ecommerce.service.UserServiceTest - buraya geldi??????????????????????????????????????*
00:44:53.200 [main] INFO  com.example.ecommerce.service.UserService - mail@gmail.comfirstName100
00:44:53.201 [main] INFO  com.example.ecommerce.service.UserService - mail@gmail.comfirstName100
00:45:13.113 [main] INFO  com.example.ecommerce.service.UserServiceTest - buraya geldi??????????????????????????????????????*
00:45:13.127 [main] INFO  com.example.ecommerce.service.UserService - mail@gmail.comfirstName100
00:45:13.127 [main] INFO  com.example.ecommerce.service.UserService - mail@gmail.comfirstName100
00:47:10.623 [main] INFO  com.example.ecommerce.service.UserServiceTest - buraya geldi
00:47:10.632 [main] INFO  com.example.ecommerce.service.UserServiceTest - buraya geldi
00:47:10.639 [main] INFO  com.example.ecommerce.service.UserService - user覺nformatin mail: mail@gmail.comfirstNamelastNametrue
00:47:10.641 [main] INFO  com.example.ecommerce.service.UserService - mail@gmail.comfirstName
00:47:10.651 [main] INFO  com.example.ecommerce.service.UserServiceTest - buraya geldi??????????????????????????????????????*
00:47:10.658 [main] INFO  com.example.ecommerce.service.UserService - mail@gmail.comfirstName100
00:47:10.666 [main] INFO  com.example.ecommerce.service.UserServiceTest - buraya geldi
00:47:10.666 [main] INFO  com.example.ecommerce.service.UserService - mail@gmail.comfirstName2
19:58:03.129 [main] INFO  com.example.ecommerce.service.UserServiceTest - buraya geldi
19:58:23.183 [main] INFO  com.example.ecommerce.service.UserServiceTest - buraya geldi
19:58:23.194 [main] INFO  com.example.ecommerce.service.UserService - mail@gmail.comfirstName2
23:00:13.809 [main] INFO  com.example.ecommerce.service.UserServiceTest - buraya geldi
23:06:23.233 [main] INFO  com.example.ecommerce.service.UserServiceTest - buraya geldi
23:07:01.134 [main] INFO  com.example.ecommerce.service.UserServiceTest - buraya geldi
23:20:11.774 [main] INFO  com.example.ecommerce.service.UserServiceTest - buraya geldi
23:20:11.780 [main] INFO  com.example.ecommerce.service.UserServiceTest - buraya geldi
23:20:11.787 [main] INFO  com.example.ecommerce.service.UserService - user覺nformatin mail: mail@gmail.comfirstNamelastNametrue
23:20:11.800 [main] INFO  com.example.ecommerce.service.UserServiceTest - buraya geldi??????????????????????????????????????*
23:20:11.815 [main] INFO  com.example.ecommerce.service.UserServiceTest - buraya geldi
23:45:17.202 [main] INFO  com.example.ecommerce.service.UserServiceTest - buraya geldi
23:45:17.207 [main] INFO  com.example.ecommerce.service.UserServiceTest - buraya geldi
23:45:17.211 [main] INFO  com.example.ecommerce.service.UserService - user覺nformatin mail: mail@gmail.comfirstNamelastNametrue
23:45:17.217 [main] INFO  com.example.ecommerce.service.UserServiceTest - buraya geldi??????????????????????????????????????*
23:45:17.223 [main] INFO  com.example.ecommerce.service.UserServiceTest - buraya geldi
01:57:27.501 [main] INFO  com.example.ecommerce.service.UserService - Searching for user with id: 1
01:57:27.507 [main] INFO  com.example.ecommerce.service.UserService - User found: com.example.ecommerce.model.UserInformation@83bc6d71
02:00:46.277 [main] INFO  com.example.ecommerce.service.UserService - Searching for user with id: 1
02:00:46.284 [main] INFO  com.example.ecommerce.service.UserService - User found: com.example.ecommerce.model.UserInformation@83bc6d71
02:02:08.257 [main] INFO  com.example.ecommerce.service.UserService - Searching for user with id: 1
02:02:08.283 [main] INFO  com.example.ecommerce.service.UserService - User found: com.example.ecommerce.model.UserInformation@83bc6d71
02:03:59.734 [main] INFO  com.example.ecommerce.service.UserService - Searching for user with id: 1
02:03:59.759 [main] INFO  com.example.ecommerce.service.UserService - User found: com.example.ecommerce.model.UserInformation@83bc6d71
02:05:17.206 [main] INFO  com.example.ecommerce.service.UserService - Searching for user with id: 1
02:05:17.206 [main] INFO  com.example.ecommerce.service.UserService - User found: com.example.ecommerce.model.UserInformation@83bc6d71
02:08:39.652 [main] INFO  com.example.ecommerce.service.UserService - Searching for user with id: 1
02:08:39.658 [main] INFO  com.example.ecommerce.service.UserService - User found: com.example.ecommerce.model.UserInformation@83bc6d71
02:12:49.832 [main] INFO  com.example.ecommerce.service.UserService - Searching for user with id: 1
02:12:49.838 [main] INFO  com.example.ecommerce.service.UserService - User found: com.example.ecommerce.model.UserInformation@83bc6d71
02:17:33.616 [main] INFO  com.example.ecommerce.service.UserService - Searching for user with id: 1
02:17:33.622 [main] INFO  com.example.ecommerce.service.UserService - User found: com.example.ecommerce.model.UserInformation@83bc6d71
02:22:20.097 [main] INFO  com.example.ecommerce.service.UserService - Searching for user with id: 1
02:22:20.105 [main] INFO  com.example.ecommerce.service.UserService - User found: com.example.ecommerce.model.UserInformation@83bc6d71
02:34:26.699 [main] INFO  com.example.ecommerce.service.UserService - Searching for user with id: 1
02:34:26.706 [main] INFO  com.example.ecommerce.service.UserService - User found: com.example.ecommerce.model.UserInformation@83bc6d71
02:35:17.558 [main] INFO  com.example.ecommerce.service.UserServiceTest - buraya geldi
02:35:44.104 [main] INFO  com.example.ecommerce.service.UserServiceTest - buraya geldi
02:35:44.109 [main] INFO  com.example.ecommerce.service.UserServiceTest - buraya geldi
02:35:44.122 [main] INFO  com.example.ecommerce.service.UserService - user覺nformatin mail: mail@gmail.comfirstNamelastNametrue
02:35:44.128 [main] INFO  com.example.ecommerce.service.UserService - Searching for user with id: 1
02:35:44.129 [main] INFO  com.example.ecommerce.service.UserService - User found: com.example.ecommerce.model.UserInformation@83bc6d71
02:35:44.139 [main] INFO  com.example.ecommerce.service.UserServiceTest - buraya geldi??????????????????????????????????????*
02:35:44.140 [main] INFO  com.example.ecommerce.service.UserService - user覺nformatin mail: mail@gmail.comfirstName100lastName100true
02:35:44.145 [main] INFO  com.example.ecommerce.service.UserServiceTest - buraya geldi
02:39:02.141 [main] INFO  com.example.ecommerce.service.UserServiceTest - buraya geldi
02:39:02.146 [main] INFO  com.example.ecommerce.service.UserServiceTest - buraya geldi
02:39:02.159 [main] INFO  com.example.ecommerce.service.UserService - user覺nformatin mail: mail@gmail.comfirstNamelastNametrue
02:39:02.167 [main] INFO  com.example.ecommerce.service.UserService - Searching for user with id: 1
02:39:02.168 [main] INFO  com.example.ecommerce.service.UserService - User found: com.example.ecommerce.model.UserInformation@83bc6d71
02:39:02.180 [main] INFO  com.example.ecommerce.service.UserServiceTest - buraya geldi??????????????????????????????????????*
02:39:02.182 [main] INFO  com.example.ecommerce.service.UserService - user覺nformatin mail: mail@gmail.comfirstName100lastName100true
02:39:02.188 [main] INFO  com.example.ecommerce.service.UserServiceTest - buraya geldi
02:41:10.180 [main] INFO  com.example.ecommerce.service.UserService - Searching for user with id: 1
02:41:10.187 [main] INFO  com.example.ecommerce.service.UserService - User found: com.example.ecommerce.model.UserInformation@83bc6d71
02:42:43.739 [main] INFO  com.example.ecommerce.service.UserService - Searching for user with id: 1
02:43:08.231 [main] INFO  com.example.ecommerce.service.UserService - Searching for user with id: 1
02:45:20.281 [main] INFO  com.example.ecommerce.service.UserService - Searching for user with id: 1
19:31:08.688 [main] INFO  com.example.ecommerce.service.UserService - Searching for user with id: 1
19:31:08.697 [main] INFO  com.example.ecommerce.service.UserService - User found: com.example.ecommerce.model.UserInformation@83bc6d71
19:35:04.876 [main] INFO  com.example.ecommerce.service.UserService - Searching for user with id: 1
19:35:04.883 [main] INFO  com.example.ecommerce.service.UserService - User found: com.example.ecommerce.model.UserInformation@83bc6d71
19:38:08.240 [main] INFO  com.example.ecommerce.service.UserService - Searching for user with id: 1
19:38:33.229 [main] INFO  com.example.ecommerce.service.UserService - User found: com.example.ecommerce.model.UserInformation@83bc6d71
19:39:17.726 [main] INFO  com.example.ecommerce.service.UserService - Searching for user with id: 1
19:39:17.734 [main] INFO  com.example.ecommerce.service.UserService - User found: com.example.ecommerce.model.UserInformation@83bc6d71
19:43:30.933 [main] INFO  com.example.ecommerce.service.UserService - Searching for user with id: 1
00:53:29.293 [main] INFO  com.example.ecommerce.service.UserServiceTest - buraya geldi
00:53:29.299 [main] INFO  com.example.ecommerce.service.UserServiceTest - buraya geldi
00:53:29.314 [main] INFO  com.example.ecommerce.service.UserService - UserInformation mail: mail@gmail.com, firstName: firstName, lastName: lastName, active: true
00:53:29.322 [main] INFO  com.example.ecommerce.service.UserServiceTest - buraya geldi??????????????????????????????????????*
00:53:29.323 [main] INFO  com.example.ecommerce.service.UserService - user覺nformatin mail: mail@gmail.comfirstName100lastName100true
00:53:29.333 [main] INFO  com.example.ecommerce.service.UserServiceTest - buraya geldi
00:56:19.100 [main] INFO  com.example.ecommerce.service.UserServiceTest - buraya geldi
00:56:19.105 [main] INFO  com.example.ecommerce.service.UserServiceTest - buraya geldi
00:56:19.109 [main] INFO  com.example.ecommerce.service.UserService - UserInformation mail: mail@gmail.com, firstName: firstName, lastName: lastName, active: true
00:56:19.120 [main] INFO  com.example.ecommerce.service.UserServiceTest - buraya geldi??????????????????????????????????????*
00:56:19.121 [main] INFO  com.example.ecommerce.service.UserService - user覺nformatin mail: mail@gmail.comfirstName100lastName100true
00:56:19.126 [main] INFO  com.example.ecommerce.service.UserServiceTest - buraya geldi
01:06:49.135 [main] INFO  com.example.ecommerce.service.UserServiceTest - buraya geldi??????????????????????????????????????*
02:01:15.844 [main] INFO  com.example.ecommerce.service.UserServiceTest - buraya geldi
02:01:15.849 [main] INFO  com.example.ecommerce.service.UserServiceTest - buraya geldi
02:01:15.853 [main] INFO  com.example.ecommerce.service.UserService - UserInformation mail: mail@gmail.com, firstName: firstName, lastName: lastName, active: true
02:01:15.867 [main] INFO  com.example.ecommerce.service.UserServiceTest - buraya geldi??????????????????????????????????????*
02:01:15.869 [main] INFO  com.example.ecommerce.service.UserService - user覺nformatin mail: mail@gmail.comfirstName100lastName100true
02:01:15.876 [main] INFO  com.example.ecommerce.service.UserServiceTest - buraya geldi
02:01:15.879 [main] INFO  com.example.ecommerce.service.UserServiceTest - buraya geldi??????????????????????????????????????*
02:01:33.277 [main] INFO  com.example.ecommerce.service.UserServiceTest - buraya geldi
02:01:33.282 [main] INFO  com.example.ecommerce.service.UserServiceTest - buraya geldi
02:01:33.285 [main] INFO  com.example.ecommerce.service.UserService - UserInformation mail: mail@gmail.com, firstName: firstName, lastName: lastName, active: true
02:01:33.296 [main] INFO  com.example.ecommerce.service.UserServiceTest - buraya geldi??????????????????????????????????????*
02:01:33.298 [main] INFO  com.example.ecommerce.service.UserService - user覺nformatin mail: mail@gmail.comfirstName100lastName100true
02:01:33.304 [main] INFO  com.example.ecommerce.service.UserServiceTest - buraya geldi
02:01:33.306 [main] INFO  com.example.ecommerce.service.UserServiceTest - buraya geldi??????????????????????????????????????*
02:01:45.146 [main] INFO  com.example.ecommerce.service.UserServiceTest - buraya geldi
02:01:45.151 [main] INFO  com.example.ecommerce.service.UserServiceTest - buraya geldi
02:01:45.168 [main] INFO  com.example.ecommerce.service.UserService - UserInformation mail: mail@gmail.com, firstName: firstName, lastName: lastName, active: true
02:01:45.185 [main] INFO  com.example.ecommerce.service.UserServiceTest - buraya geldi??????????????????????????????????????*
02:01:45.186 [main] INFO  com.example.ecommerce.service.UserService - user覺nformatin mail: mail@gmail.comfirstName100lastName100true
02:01:45.199 [main] INFO  com.example.ecommerce.service.UserServiceTest - buraya geldi
02:01:45.203 [main] INFO  com.example.ecommerce.service.UserServiceTest - buraya geldi??????????????????????????????????????*
02:01:58.164 [main] INFO  com.example.ecommerce.service.UserServiceTest - buraya geldi
02:01:58.169 [main] INFO  com.example.ecommerce.service.UserServiceTest - buraya geldi
02:01:58.173 [main] INFO  com.example.ecommerce.service.UserService - UserInformation mail: mail@gmail.com, firstName: firstName, lastName: lastName, active: true
02:01:58.185 [main] INFO  com.example.ecommerce.service.UserServiceTest - buraya geldi??????????????????????????????????????*
02:01:58.187 [main] INFO  com.example.ecommerce.service.UserService - user覺nformatin mail: mail@gmail.comfirstName100lastName100true
02:01:58.192 [main] INFO  com.example.ecommerce.service.UserServiceTest - buraya geldi
02:01:58.194 [main] INFO  com.example.ecommerce.service.UserServiceTest - buraya geldi??????????????????????????????????????*
02:02:09.414 [main] INFO  com.example.ecommerce.service.UserServiceTest - buraya geldi
02:02:09.423 [main] INFO  com.example.ecommerce.service.UserServiceTest - buraya geldi
02:02:09.428 [main] INFO  com.example.ecommerce.service.UserService - UserInformation mail: mail@gmail.com, firstName: firstName, lastName: lastName, active: true
02:02:09.443 [main] INFO  com.example.ecommerce.service.UserServiceTest - buraya geldi??????????????????????????????????????*
02:02:09.445 [main] INFO  com.example.ecommerce.service.UserService - user覺nformatin mail: mail@gmail.comfirstName100lastName100true
02:02:09.450 [main] INFO  com.example.ecommerce.service.UserServiceTest - buraya geldi
02:02:09.452 [main] INFO  com.example.ecommerce.service.UserServiceTest - buraya geldi??????????????????????????????????????*
00:29:43.188 [main] INFO  org.springframework.test.context.support.AnnotationConfigContextLoaderUtils - Could not detect default configuration classes for test class [com.example.ecommerce.ECommerceApplicationTests]: ECommerceApplicationTests does not declare any static, non-private, non-final, nested classes annotated with @Configuration.
00:29:43.412 [main] INFO  org.springframework.boot.test.context.SpringBootTestContextBootstrapper - Found @SpringBootConfiguration com.example.ecommerce.ECommerceApplication for test class com.example.ecommerce.ECommerceApplicationTests
00:29:43.753 [main] INFO  com.example.ecommerce.ECommerceApplicationTests - Starting ECommerceApplicationTests using Java 17.0.3 with PID 404 (started by Zehra in C:\Javasrc\e-commerce\e-commerce)
00:29:43.758 [main] INFO  com.example.ecommerce.ECommerceApplicationTests - No active profile set, falling back to 1 default profile: "default"
00:29:44.436 [main] INFO  org.springframework.data.repository.config.RepositoryConfigurationDelegate - Bootstrapping Spring Data JPA repositories in DEFAULT mode.
00:29:44.538 [main] INFO  org.springframework.data.repository.config.RepositoryConfigurationDelegate - Finished Spring Data repository scanning in 88 ms. Found 2 JPA repository interfaces.
00:29:45.153 [main] INFO  org.hibernate.jpa.internal.util.LogHelper - HHH000204: Processing PersistenceUnitInfo [name: default]
00:29:45.241 [main] INFO  org.hibernate.Version - HHH000412: Hibernate ORM core version 6.4.4.Final
00:29:45.290 [main] INFO  org.hibernate.cache.internal.RegionFactoryInitiator - HHH000026: Second-level cache disabled
00:29:45.705 [main] INFO  org.springframework.orm.jpa.persistenceunit.SpringPersistenceUnitInfo - No LoadTimeWeaver setup: ignoring JPA class transformer
00:29:45.765 [main] INFO  com.zaxxer.hikari.HikariDataSource - HikariPool-1 - Starting...
00:29:46.023 [main] INFO  com.zaxxer.hikari.pool.HikariPool - HikariPool-1 - Added connection conn0: url=jdbc:h2:mem:testdb user=SA
00:29:46.024 [main] INFO  com.zaxxer.hikari.HikariDataSource - HikariPool-1 - Start completed.
00:29:46.855 [main] INFO  org.hibernate.engine.transaction.jta.platform.internal.JtaPlatformInitiator - HHH000489: No JTA platform available (set 'hibernate.transaction.jta.platform' to enable JTA platform integration)
00:29:46.912 [main] INFO  org.springframework.orm.jpa.LocalContainerEntityManagerFactoryBean - Initialized JPA EntityManagerFactory for persistence unit 'default'
00:29:47.678 [main] WARN  org.springframework.boot.autoconfigure.orm.jpa.JpaBaseConfiguration$JpaWebConfiguration - spring.jpa.open-in-view is enabled by default. Therefore, database queries may be performed during view rendering. Explicitly configure spring.jpa.open-in-view to disable this warning
00:29:48.367 [main] INFO  com.example.ecommerce.ECommerceApplicationTests - Started ECommerceApplicationTests in 4.809 seconds (process running for 6.1)
00:29:49.414 [main] INFO  com.example.ecommerce.service.UserServiceTest - buraya geldi
00:29:49.418 [main] INFO  com.example.ecommerce.service.UserServiceTest - buraya geldi
00:29:49.427 [main] INFO  com.example.ecommerce.service.UserService - UserInformation mail: mail@gmail.com, firstName: firstName, lastName: lastName, active: true
00:29:49.453 [main] INFO  com.example.ecommerce.service.UserServiceTest - buraya geldi??????????????????????????????????????*
00:29:49.457 [main] INFO  com.example.ecommerce.service.UserService - usernformatin mail: mail@gmail.comfirstName100lastName100true
00:29:49.467 [main] INFO  com.example.ecommerce.service.UserServiceTest - buraya geldi
00:29:49.472 [main] INFO  com.example.ecommerce.service.UserServiceTest - buraya geldi??????????????????????????????????????*
00:29:49.514 [SpringApplicationShutdownHook] INFO  org.springframework.orm.jpa.LocalContainerEntityManagerFactoryBean - Closing JPA EntityManagerFactory for persistence unit 'default'
00:29:49.519 [SpringApplicationShutdownHook] INFO  com.zaxxer.hikari.HikariDataSource - HikariPool-1 - Shutdown initiated...
00:29:49.528 [SpringApplicationShutdownHook] INFO  com.zaxxer.hikari.HikariDataSource - HikariPool-1 - Shutdown completed.
00:30:46.405 [main] INFO  com.example.ecommerce.service.UserServiceTest - buraya geldi
00:30:46.410 [main] INFO  com.example.ecommerce.service.UserServiceTest - buraya geldi
00:30:46.426 [main] INFO  com.example.ecommerce.service.UserService - UserInformation mail: mail@gmail.com, firstName: firstName, lastName: lastName, active: true
00:30:46.436 [main] INFO  com.example.ecommerce.service.UserServiceTest - buraya geldi??????????????????????????????????????*
00:30:46.437 [main] INFO  com.example.ecommerce.service.UserService - user覺nformatin mail: mail@gmail.comfirstName100lastName100true
00:30:46.443 [main] INFO  com.example.ecommerce.service.UserServiceTest - buraya geldi
00:30:46.445 [main] INFO  com.example.ecommerce.service.UserServiceTest - buraya geldi??????????????????????????????????????*
00:31:17.421 [main] INFO  org.springframework.test.context.support.AnnotationConfigContextLoaderUtils - Could not detect default configuration classes for test class [com.example.ecommerce.ECommerceApplicationTests]: ECommerceApplicationTests does not declare any static, non-private, non-final, nested classes annotated with @Configuration.
00:31:17.494 [main] INFO  org.springframework.boot.test.context.SpringBootTestContextBootstrapper - Found @SpringBootConfiguration com.example.ecommerce.ECommerceApplication for test class com.example.ecommerce.ECommerceApplicationTests
00:31:17.804 [main] INFO  com.example.ecommerce.ECommerceApplicationTests - Starting ECommerceApplicationTests using Java 17.0.3 with PID 16052 (started by Zehra in C:\Javasrc\e-commerce\e-commerce)
00:31:17.807 [main] INFO  com.example.ecommerce.ECommerceApplicationTests - No active profile set, falling back to 1 default profile: "default"
00:31:18.264 [main] INFO  org.springframework.data.repository.config.RepositoryConfigurationDelegate - Bootstrapping Spring Data JPA repositories in DEFAULT mode.
00:31:18.308 [main] INFO  org.springframework.data.repository.config.RepositoryConfigurationDelegate - Finished Spring Data repository scanning in 36 ms. Found 2 JPA repository interfaces.
00:31:18.740 [main] INFO  org.hibernate.jpa.internal.util.LogHelper - HHH000204: Processing PersistenceUnitInfo [name: default]
00:31:18.788 [main] INFO  org.hibernate.Version - HHH000412: Hibernate ORM core version 6.4.4.Final
00:31:18.824 [main] INFO  org.hibernate.cache.internal.RegionFactoryInitiator - HHH000026: Second-level cache disabled
00:31:19.053 [main] INFO  org.springframework.orm.jpa.persistenceunit.SpringPersistenceUnitInfo - No LoadTimeWeaver setup: ignoring JPA class transformer
00:31:19.092 [main] INFO  com.zaxxer.hikari.HikariDataSource - HikariPool-1 - Starting...
00:31:19.265 [main] INFO  com.zaxxer.hikari.pool.HikariPool - HikariPool-1 - Added connection conn0: url=jdbc:h2:mem:testdb user=SA
00:31:19.266 [main] INFO  com.zaxxer.hikari.HikariDataSource - HikariPool-1 - Start completed.
00:31:19.875 [main] INFO  org.hibernate.engine.transaction.jta.platform.internal.JtaPlatformInitiator - HHH000489: No JTA platform available (set 'hibernate.transaction.jta.platform' to enable JTA platform integration)
00:31:19.919 [main] INFO  org.springframework.orm.jpa.LocalContainerEntityManagerFactoryBean - Initialized JPA EntityManagerFactory for persistence unit 'default'
00:31:20.407 [main] WARN  org.springframework.boot.autoconfigure.orm.jpa.JpaBaseConfiguration$JpaWebConfiguration - spring.jpa.open-in-view is enabled by default. Therefore, database queries may be performed during view rendering. Explicitly configure spring.jpa.open-in-view to disable this warning
00:31:20.810 [main] INFO  com.example.ecommerce.ECommerceApplicationTests - Started ECommerceApplicationTests in 3.2 seconds (process running for 4.204)
00:31:21.552 [main] INFO  com.example.ecommerce.service.UserServiceTest - buraya geldi
00:31:21.555 [main] INFO  com.example.ecommerce.service.UserServiceTest - buraya geldi
00:31:21.560 [main] INFO  com.example.ecommerce.service.UserService - UserInformation mail: mail@gmail.com, firstName: firstName, lastName: lastName, active: true
00:31:21.570 [main] INFO  com.example.ecommerce.service.UserServiceTest - buraya geldi??????????????????????????????????????*
00:31:21.572 [main] INFO  com.example.ecommerce.service.UserService - usernformatin mail: mail@gmail.comfirstName100lastName100true
00:31:21.580 [main] INFO  com.example.ecommerce.service.UserServiceTest - buraya geldi
00:31:21.582 [main] INFO  com.example.ecommerce.service.UserServiceTest - buraya geldi??????????????????????????????????????*
00:31:21.602 [SpringApplicationShutdownHook] INFO  org.springframework.orm.jpa.LocalContainerEntityManagerFactoryBean - Closing JPA EntityManagerFactory for persistence unit 'default'
00:31:21.605 [SpringApplicationShutdownHook] INFO  com.zaxxer.hikari.HikariDataSource - HikariPool-1 - Shutdown initiated...
00:31:21.609 [SpringApplicationShutdownHook] INFO  com.zaxxer.hikari.HikariDataSource - HikariPool-1 - Shutdown completed.
00:35:07.617 [main] INFO  org.springframework.test.context.support.AnnotationConfigContextLoaderUtils - Could not detect default configuration classes for test class [com.example.ecommerce.ECommerceApplicationTests]: ECommerceApplicationTests does not declare any static, non-private, non-final, nested classes annotated with @Configuration.
00:35:07.693 [main] INFO  org.springframework.boot.test.context.SpringBootTestContextBootstrapper - Found @SpringBootConfiguration com.example.ecommerce.ECommerceApplication for test class com.example.ecommerce.ECommerceApplicationTests
00:35:07.968 [main] INFO  com.example.ecommerce.ECommerceApplicationTests - Starting ECommerceApplicationTests using Java 17.0.3 with PID 22708 (started by Zehra in C:\Javasrc\e-commerce\e-commerce)
00:35:07.973 [main] INFO  com.example.ecommerce.ECommerceApplicationTests - No active profile set, falling back to 1 default profile: "default"
00:35:08.444 [main] INFO  org.springframework.data.repository.config.RepositoryConfigurationDelegate - Bootstrapping Spring Data JPA repositories in DEFAULT mode.
00:35:08.486 [main] INFO  org.springframework.data.repository.config.RepositoryConfigurationDelegate - Finished Spring Data repository scanning in 35 ms. Found 2 JPA repository interfaces.
00:35:08.877 [main] INFO  org.hibernate.jpa.internal.util.LogHelper - HHH000204: Processing PersistenceUnitInfo [name: default]
00:35:08.926 [main] INFO  org.hibernate.Version - HHH000412: Hibernate ORM core version 6.4.4.Final
00:35:08.960 [main] INFO  org.hibernate.cache.internal.RegionFactoryInitiator - HHH000026: Second-level cache disabled
00:35:09.191 [main] INFO  org.springframework.orm.jpa.persistenceunit.SpringPersistenceUnitInfo - No LoadTimeWeaver setup: ignoring JPA class transformer
00:35:09.217 [main] INFO  com.zaxxer.hikari.HikariDataSource - HikariPool-1 - Starting...
00:35:09.366 [main] INFO  com.zaxxer.hikari.pool.HikariPool - HikariPool-1 - Added connection conn0: url=jdbc:h2:mem:testdb user=SA
00:35:09.368 [main] INFO  com.zaxxer.hikari.HikariDataSource - HikariPool-1 - Start completed.
00:35:09.968 [main] INFO  org.hibernate.engine.transaction.jta.platform.internal.JtaPlatformInitiator - HHH000489: No JTA platform available (set 'hibernate.transaction.jta.platform' to enable JTA platform integration)
00:35:10.006 [main] INFO  org.springframework.orm.jpa.LocalContainerEntityManagerFactoryBean - Initialized JPA EntityManagerFactory for persistence unit 'default'
00:35:10.500 [main] WARN  org.springframework.boot.autoconfigure.orm.jpa.JpaBaseConfiguration$JpaWebConfiguration - spring.jpa.open-in-view is enabled by default. Therefore, database queries may be performed during view rendering. Explicitly configure spring.jpa.open-in-view to disable this warning
00:35:10.900 [main] INFO  com.example.ecommerce.ECommerceApplicationTests - Started ECommerceApplicationTests in 3.109 seconds (process running for 4.089)
00:35:11.578 [main] INFO  com.example.ecommerce.service.UserServiceTest - buraya geldi
00:35:11.580 [main] INFO  com.example.ecommerce.service.UserServiceTest - buraya geldi
00:35:11.586 [main] INFO  com.example.ecommerce.service.UserService - UserInformation mail: mail@gmail.com, firstName: firstName, lastName: lastName, active: true
00:35:11.600 [main] INFO  com.example.ecommerce.service.UserServiceTest - buraya geldi??????????????????????????????????????*
00:35:11.602 [main] INFO  com.example.ecommerce.service.UserService - usernformatin mail: mail@gmail.comfirstName100lastName100true
00:35:11.611 [main] INFO  com.example.ecommerce.service.UserServiceTest - buraya geldi
00:35:11.613 [main] INFO  com.example.ecommerce.service.UserServiceTest - buraya geldi??????????????????????????????????????*
00:35:11.632 [SpringApplicationShutdownHook] INFO  org.springframework.orm.jpa.LocalContainerEntityManagerFactoryBean - Closing JPA EntityManagerFactory for persistence unit 'default'
00:35:11.635 [SpringApplicationShutdownHook] INFO  com.zaxxer.hikari.HikariDataSource - HikariPool-1 - Shutdown initiated...
00:35:11.638 [SpringApplicationShutdownHook] INFO  com.zaxxer.hikari.HikariDataSource - HikariPool-1 - Shutdown completed.
00:44:16.636 [main] INFO  org.springframework.test.context.support.AnnotationConfigContextLoaderUtils - Could not detect default configuration classes for test class [com.example.ecommerce.ECommerceApplicationTests]: ECommerceApplicationTests does not declare any static, non-private, non-final, nested classes annotated with @Configuration.
00:44:16.709 [main] INFO  org.springframework.boot.test.context.SpringBootTestContextBootstrapper - Found @SpringBootConfiguration com.example.ecommerce.ECommerceApplication for test class com.example.ecommerce.ECommerceApplicationTests
00:44:17.031 [main] INFO  com.example.ecommerce.ECommerceApplicationTests - Starting ECommerceApplicationTests using Java 17.0.3 with PID 19424 (started by Zehra in C:\Javasrc\e-commerce\e-commerce)
00:44:17.035 [main] INFO  com.example.ecommerce.ECommerceApplicationTests - No active profile set, falling back to 1 default profile: "default"
00:44:17.507 [main] INFO  org.springframework.data.repository.config.RepositoryConfigurationDelegate - Bootstrapping Spring Data JPA repositories in DEFAULT mode.
00:44:17.550 [main] INFO  org.springframework.data.repository.config.RepositoryConfigurationDelegate - Finished Spring Data repository scanning in 35 ms. Found 2 JPA repository interfaces.
00:44:18.007 [main] INFO  org.hibernate.jpa.internal.util.LogHelper - HHH000204: Processing PersistenceUnitInfo [name: default]
00:44:18.059 [main] INFO  org.hibernate.Version - HHH000412: Hibernate ORM core version 6.4.4.Final
00:44:18.095 [main] INFO  org.hibernate.cache.internal.RegionFactoryInitiator - HHH000026: Second-level cache disabled
00:44:18.333 [main] INFO  org.springframework.orm.jpa.persistenceunit.SpringPersistenceUnitInfo - No LoadTimeWeaver setup: ignoring JPA class transformer
00:44:18.359 [main] INFO  com.zaxxer.hikari.HikariDataSource - HikariPool-1 - Starting...
00:44:18.504 [main] INFO  com.zaxxer.hikari.pool.HikariPool - HikariPool-1 - Added connection conn0: url=jdbc:h2:mem:testdb user=SA
00:44:18.506 [main] INFO  com.zaxxer.hikari.HikariDataSource - HikariPool-1 - Start completed.
00:44:19.129 [main] INFO  org.hibernate.engine.transaction.jta.platform.internal.JtaPlatformInitiator - HHH000489: No JTA platform available (set 'hibernate.transaction.jta.platform' to enable JTA platform integration)
00:44:19.178 [main] INFO  org.springframework.orm.jpa.LocalContainerEntityManagerFactoryBean - Initialized JPA EntityManagerFactory for persistence unit 'default'
00:44:19.635 [main] WARN  org.springframework.boot.autoconfigure.orm.jpa.JpaBaseConfiguration$JpaWebConfiguration - spring.jpa.open-in-view is enabled by default. Therefore, database queries may be performed during view rendering. Explicitly configure spring.jpa.open-in-view to disable this warning
00:44:20.012 [main] INFO  com.example.ecommerce.ECommerceApplicationTests - Started ECommerceApplicationTests in 3.184 seconds (process running for 4.067)
00:44:20.828 [main] INFO  com.example.ecommerce.service.UserServiceTest - buraya geldi
00:44:20.830 [main] INFO  com.example.ecommerce.service.UserServiceTest - buraya geldi
00:44:20.836 [main] INFO  com.example.ecommerce.service.UserService - UserInformation mail: mail@gmail.com, firstName: firstName, lastName: lastName, active: true
00:44:20.846 [main] INFO  com.example.ecommerce.service.UserServiceTest - buraya geldi??????????????????????????????????????*
00:44:20.847 [main] INFO  com.example.ecommerce.service.UserService - usernformatin mail: mail@gmail.comfirstName100lastName100true
00:44:20.860 [main] INFO  com.example.ecommerce.service.UserServiceTest - buraya geldi
00:44:20.862 [main] INFO  com.example.ecommerce.service.UserServiceTest - buraya geldi??????????????????????????????????????*
00:44:20.884 [SpringApplicationShutdownHook] INFO  org.springframework.orm.jpa.LocalContainerEntityManagerFactoryBean - Closing JPA EntityManagerFactory for persistence unit 'default'
00:44:20.887 [SpringApplicationShutdownHook] INFO  com.zaxxer.hikari.HikariDataSource - HikariPool-1 - Shutdown initiated...
00:44:20.892 [SpringApplicationShutdownHook] INFO  com.zaxxer.hikari.HikariDataSource - HikariPool-1 - Shutdown completed.
00:54:37.132 [main] INFO  org.springframework.test.context.support.AnnotationConfigContextLoaderUtils - Could not detect default configuration classes for test class [com.example.ecommerce.ECommerceApplicationTests]: ECommerceApplicationTests does not declare any static, non-private, non-final, nested classes annotated with @Configuration.
00:54:37.199 [main] INFO  org.springframework.boot.test.context.SpringBootTestContextBootstrapper - Found @SpringBootConfiguration com.example.ecommerce.ECommerceApplication for test class com.example.ecommerce.ECommerceApplicationTests
00:54:37.472 [main] INFO  com.example.ecommerce.ECommerceApplicationTests - Starting ECommerceApplicationTests using Java 17.0.3 with PID 9628 (started by Zehra in C:\Javasrc\e-commerce\e-commerce)
00:54:37.476 [main] INFO  com.example.ecommerce.ECommerceApplicationTests - No active profile set, falling back to 1 default profile: "default"
00:54:38.011 [main] INFO  org.springframework.data.repository.config.RepositoryConfigurationDelegate - Bootstrapping Spring Data JPA repositories in DEFAULT mode.
00:54:38.057 [main] INFO  org.springframework.data.repository.config.RepositoryConfigurationDelegate - Finished Spring Data repository scanning in 37 ms. Found 2 JPA repository interfaces.
00:54:38.452 [main] INFO  org.hibernate.jpa.internal.util.LogHelper - HHH000204: Processing PersistenceUnitInfo [name: default]
00:54:38.513 [main] INFO  org.hibernate.Version - HHH000412: Hibernate ORM core version 6.4.4.Final
00:54:38.551 [main] INFO  org.hibernate.cache.internal.RegionFactoryInitiator - HHH000026: Second-level cache disabled
00:54:38.776 [main] INFO  org.springframework.orm.jpa.persistenceunit.SpringPersistenceUnitInfo - No LoadTimeWeaver setup: ignoring JPA class transformer
00:54:38.806 [main] INFO  com.zaxxer.hikari.HikariDataSource - HikariPool-1 - Starting...
00:54:38.935 [main] INFO  com.zaxxer.hikari.pool.HikariPool - HikariPool-1 - Added connection conn0: url=jdbc:h2:mem:testdb user=SA
00:54:38.936 [main] INFO  com.zaxxer.hikari.HikariDataSource - HikariPool-1 - Start completed.
00:54:39.541 [main] INFO  org.hibernate.engine.transaction.jta.platform.internal.JtaPlatformInitiator - HHH000489: No JTA platform available (set 'hibernate.transaction.jta.platform' to enable JTA platform integration)
00:54:39.587 [main] INFO  org.springframework.orm.jpa.LocalContainerEntityManagerFactoryBean - Initialized JPA EntityManagerFactory for persistence unit 'default'
00:54:40.027 [main] WARN  org.springframework.boot.autoconfigure.orm.jpa.JpaBaseConfiguration$JpaWebConfiguration - spring.jpa.open-in-view is enabled by default. Therefore, database queries may be performed during view rendering. Explicitly configure spring.jpa.open-in-view to disable this warning
00:54:40.376 [main] INFO  com.example.ecommerce.ECommerceApplicationTests - Started ECommerceApplicationTests in 3.093 seconds (process running for 3.958)
00:54:41.096 [main] INFO  com.example.ecommerce.service.UserServiceTest - buraya geldi
00:54:41.098 [main] INFO  com.example.ecommerce.service.UserServiceTest - buraya geldi
00:54:41.103 [main] INFO  com.example.ecommerce.service.UserService - UserInformation mail: mail@gmail.com, firstName: firstName, lastName: lastName, active: true
00:54:41.113 [main] INFO  com.example.ecommerce.service.UserServiceTest - buraya geldi??????????????????????????????????????*
00:54:41.114 [main] INFO  com.example.ecommerce.service.UserService - usernformatin mail: mail@gmail.comfirstName100lastName100true
00:54:41.122 [main] INFO  com.example.ecommerce.service.UserServiceTest - buraya geldi
00:54:41.124 [main] INFO  com.example.ecommerce.service.UserServiceTest - buraya geldi??????????????????????????????????????*
00:54:41.143 [SpringApplicationShutdownHook] INFO  org.springframework.orm.jpa.LocalContainerEntityManagerFactoryBean - Closing JPA EntityManagerFactory for persistence unit 'default'
00:54:41.147 [SpringApplicationShutdownHook] INFO  com.zaxxer.hikari.HikariDataSource - HikariPool-1 - Shutdown initiated...
00:54:41.150 [SpringApplicationShutdownHook] INFO  com.zaxxer.hikari.HikariDataSource - HikariPool-1 - Shutdown completed.
01:35:00.667 [main] INFO  org.springframework.test.context.support.AnnotationConfigContextLoaderUtils - Could not detect default configuration classes for test class [com.example.ecommerce.ECommerceApplicationTests]: ECommerceApplicationTests does not declare any static, non-private, non-final, nested classes annotated with @Configuration.
01:35:00.742 [main] INFO  org.springframework.boot.test.context.SpringBootTestContextBootstrapper - Found @SpringBootConfiguration com.example.ecommerce.ECommerceApplication for test class com.example.ecommerce.ECommerceApplicationTests
01:35:01.036 [main] INFO  com.example.ecommerce.ECommerceApplicationTests - Starting ECommerceApplicationTests using Java 17.0.3 with PID 21568 (started by Zehra in C:\Javasrc\e-commerce\e-commerce)
01:35:01.045 [main] INFO  com.example.ecommerce.ECommerceApplicationTests - No active profile set, falling back to 1 default profile: "default"
01:35:01.591 [main] INFO  org.springframework.data.repository.config.RepositoryConfigurationDelegate - Bootstrapping Spring Data JPA repositories in DEFAULT mode.
01:35:01.634 [main] INFO  org.springframework.data.repository.config.RepositoryConfigurationDelegate - Finished Spring Data repository scanning in 38 ms. Found 2 JPA repository interfaces.
01:35:02.006 [main] INFO  org.hibernate.jpa.internal.util.LogHelper - HHH000204: Processing PersistenceUnitInfo [name: default]
01:35:02.070 [main] INFO  org.hibernate.Version - HHH000412: Hibernate ORM core version 6.4.4.Final
01:35:02.105 [main] INFO  org.hibernate.cache.internal.RegionFactoryInitiator - HHH000026: Second-level cache disabled
01:35:02.323 [main] INFO  org.springframework.orm.jpa.persistenceunit.SpringPersistenceUnitInfo - No LoadTimeWeaver setup: ignoring JPA class transformer
01:35:02.354 [main] INFO  com.zaxxer.hikari.HikariDataSource - HikariPool-1 - Starting...
01:35:02.489 [main] INFO  com.zaxxer.hikari.pool.HikariPool - HikariPool-1 - Added connection conn0: url=jdbc:h2:mem:testdb user=SA
01:35:02.491 [main] INFO  com.zaxxer.hikari.HikariDataSource - HikariPool-1 - Start completed.
01:35:03.111 [main] INFO  org.hibernate.engine.transaction.jta.platform.internal.JtaPlatformInitiator - HHH000489: No JTA platform available (set 'hibernate.transaction.jta.platform' to enable JTA platform integration)
01:35:03.156 [main] INFO  org.springframework.orm.jpa.LocalContainerEntityManagerFactoryBean - Initialized JPA EntityManagerFactory for persistence unit 'default'
01:35:03.492 [main] WARN  org.springframework.boot.autoconfigure.orm.jpa.JpaBaseConfiguration$JpaWebConfiguration - spring.jpa.open-in-view is enabled by default. Therefore, database queries may be performed during view rendering. Explicitly configure spring.jpa.open-in-view to disable this warning
01:35:03.774 [main] INFO  com.example.ecommerce.ECommerceApplicationTests - Started ECommerceApplicationTests in 2.927 seconds (process running for 3.945)
01:35:04.441 [main] INFO  com.example.ecommerce.service.UserServiceTest - buraya geldi
01:35:04.442 [main] INFO  com.example.ecommerce.service.UserServiceTest - buraya geldi
01:35:04.447 [main] INFO  com.example.ecommerce.service.UserService - UserInformation mail: mail@gmail.com, firstName: firstName, lastName: lastName, active: true
01:35:04.456 [main] INFO  com.example.ecommerce.service.UserServiceTest - buraya geldi??????????????????????????????????????*
01:35:04.457 [main] INFO  com.example.ecommerce.service.UserService - usernformatin mail: mail@gmail.comfirstName100lastName100true
01:35:04.463 [main] INFO  com.example.ecommerce.service.UserServiceTest - buraya geldi
01:35:04.464 [main] INFO  com.example.ecommerce.service.UserServiceTest - buraya geldi??????????????????????????????????????*
01:35:04.485 [SpringApplicationShutdownHook] INFO  org.springframework.orm.jpa.LocalContainerEntityManagerFactoryBean - Closing JPA EntityManagerFactory for persistence unit 'default'
01:35:04.487 [SpringApplicationShutdownHook] INFO  com.zaxxer.hikari.HikariDataSource - HikariPool-1 - Shutdown initiated...
01:35:04.489 [SpringApplicationShutdownHook] INFO  com.zaxxer.hikari.HikariDataSource - HikariPool-1 - Shutdown completed.
01:49:30.639 [main] INFO  org.springframework.test.context.support.AnnotationConfigContextLoaderUtils - Could not detect default configuration classes for test class [com.example.ecommerce.ECommerceApplicationTests]: ECommerceApplicationTests does not declare any static, non-private, non-final, nested classes annotated with @Configuration.
01:49:30.753 [main] INFO  org.springframework.boot.test.context.SpringBootTestContextBootstrapper - Found @SpringBootConfiguration com.example.ecommerce.ECommerceApplication for test class com.example.ecommerce.ECommerceApplicationTests
01:49:31.276 [main] INFO  com.example.ecommerce.ECommerceApplicationTests - Starting ECommerceApplicationTests using Java 17.0.3 with PID 23256 (started by Zehra in C:\Javasrc\e-commerce\e-commerce)
01:49:31.283 [main] INFO  com.example.ecommerce.ECommerceApplicationTests - No active profile set, falling back to 1 default profile: "default"
01:49:32.042 [main] INFO  org.springframework.data.repository.config.RepositoryConfigurationDelegate - Bootstrapping Spring Data JPA repositories in DEFAULT mode.
01:49:32.128 [main] INFO  org.springframework.data.repository.config.RepositoryConfigurationDelegate - Finished Spring Data repository scanning in 72 ms. Found 2 JPA repository interfaces.
01:49:32.826 [main] INFO  org.hibernate.jpa.internal.util.LogHelper - HHH000204: Processing PersistenceUnitInfo [name: default]
01:49:32.927 [main] INFO  org.hibernate.Version - HHH000412: Hibernate ORM core version 6.4.4.Final
01:49:32.983 [main] INFO  org.hibernate.cache.internal.RegionFactoryInitiator - HHH000026: Second-level cache disabled
01:49:33.390 [main] INFO  org.springframework.orm.jpa.persistenceunit.SpringPersistenceUnitInfo - No LoadTimeWeaver setup: ignoring JPA class transformer
01:49:33.438 [main] INFO  com.zaxxer.hikari.HikariDataSource - HikariPool-1 - Starting...
01:49:33.629 [main] INFO  com.zaxxer.hikari.pool.HikariPool - HikariPool-1 - Added connection conn0: url=jdbc:h2:mem:testdb user=SA
01:49:33.631 [main] INFO  com.zaxxer.hikari.HikariDataSource - HikariPool-1 - Start completed.
01:49:34.485 [main] INFO  org.hibernate.engine.transaction.jta.platform.internal.JtaPlatformInitiator - HHH000489: No JTA platform available (set 'hibernate.transaction.jta.platform' to enable JTA platform integration)
01:49:34.541 [main] INFO  org.springframework.orm.jpa.LocalContainerEntityManagerFactoryBean - Initialized JPA EntityManagerFactory for persistence unit 'default'
01:49:35.465 [main] WARN  org.springframework.boot.autoconfigure.orm.jpa.JpaBaseConfiguration$JpaWebConfiguration - spring.jpa.open-in-view is enabled by default. Therefore, database queries may be performed during view rendering. Explicitly configure spring.jpa.open-in-view to disable this warning
01:49:36.144 [main] INFO  com.example.ecommerce.ECommerceApplicationTests - Started ECommerceApplicationTests in 5.267 seconds (process running for 6.818)
01:49:37.382 [main] INFO  com.example.ecommerce.service.UserServiceTest - buraya geldi
01:49:37.388 [main] INFO  com.example.ecommerce.service.UserServiceTest - buraya geldi
01:49:37.399 [main] INFO  com.example.ecommerce.service.UserService - UserInformation mail: mail@gmail.com, firstName: firstName, lastName: lastName, active: true
01:49:37.426 [main] INFO  com.example.ecommerce.service.UserServiceTest - buraya geldi??????????????????????????????????????*
01:49:37.429 [main] INFO  com.example.ecommerce.service.UserService - usernformatin mail: mail@gmail.comfirstName100lastName100true
01:49:37.442 [main] INFO  com.example.ecommerce.service.UserServiceTest - buraya geldi
01:49:37.445 [main] INFO  com.example.ecommerce.service.UserServiceTest - buraya geldi??????????????????????????????????????*
01:49:37.482 [SpringApplicationShutdownHook] INFO  org.springframework.orm.jpa.LocalContainerEntityManagerFactoryBean - Closing JPA EntityManagerFactory for persistence unit 'default'
01:49:37.488 [SpringApplicationShutdownHook] INFO  com.zaxxer.hikari.HikariDataSource - HikariPool-1 - Shutdown initiated...
01:49:37.494 [SpringApplicationShutdownHook] INFO  com.zaxxer.hikari.HikariDataSource - HikariPool-1 - Shutdown completed.
02:09:11.189 [main] INFO  org.springframework.test.context.support.AnnotationConfigContextLoaderUtils - Could not detect default configuration classes for test class [com.example.ecommerce.ECommerceApplicationTests]: ECommerceApplicationTests does not declare any static, non-private, non-final, nested classes annotated with @Configuration.
02:09:11.286 [main] INFO  org.springframework.boot.test.context.SpringBootTestContextBootstrapper - Found @SpringBootConfiguration com.example.ecommerce.ECommerceApplication for test class com.example.ecommerce.ECommerceApplicationTests
02:09:11.579 [main] INFO  com.example.ecommerce.ECommerceApplicationTests - Starting ECommerceApplicationTests using Java 17.0.3 with PID 12764 (started by Zehra in C:\Javasrc\e-commerce\e-commerce)
02:09:11.582 [main] INFO  com.example.ecommerce.ECommerceApplicationTests - No active profile set, falling back to 1 default profile: "default"
02:09:12.101 [main] INFO  org.springframework.data.repository.config.RepositoryConfigurationDelegate - Bootstrapping Spring Data JPA repositories in DEFAULT mode.
02:09:12.156 [main] INFO  org.springframework.data.repository.config.RepositoryConfigurationDelegate - Finished Spring Data repository scanning in 42 ms. Found 2 JPA repository interfaces.
02:09:12.658 [main] INFO  org.hibernate.jpa.internal.util.LogHelper - HHH000204: Processing PersistenceUnitInfo [name: default]
02:09:12.716 [main] INFO  org.hibernate.Version - HHH000412: Hibernate ORM core version 6.4.4.Final
02:09:12.763 [main] INFO  org.hibernate.cache.internal.RegionFactoryInitiator - HHH000026: Second-level cache disabled
02:09:13.026 [main] INFO  org.springframework.orm.jpa.persistenceunit.SpringPersistenceUnitInfo - No LoadTimeWeaver setup: ignoring JPA class transformer
02:09:13.074 [main] INFO  com.zaxxer.hikari.HikariDataSource - HikariPool-1 - Starting...
02:09:13.276 [main] INFO  com.zaxxer.hikari.pool.HikariPool - HikariPool-1 - Added connection conn0: url=jdbc:h2:mem:testdb user=SA
02:09:13.278 [main] INFO  com.zaxxer.hikari.HikariDataSource - HikariPool-1 - Start completed.
02:09:13.883 [main] INFO  org.hibernate.engine.transaction.jta.platform.internal.JtaPlatformInitiator - HHH000489: No JTA platform available (set 'hibernate.transaction.jta.platform' to enable JTA platform integration)
02:09:13.925 [main] INFO  org.springframework.orm.jpa.LocalContainerEntityManagerFactoryBean - Initialized JPA EntityManagerFactory for persistence unit 'default'
02:09:14.486 [main] WARN  org.springframework.boot.autoconfigure.orm.jpa.JpaBaseConfiguration$JpaWebConfiguration - spring.jpa.open-in-view is enabled by default. Therefore, database queries may be performed during view rendering. Explicitly configure spring.jpa.open-in-view to disable this warning
02:09:14.866 [main] INFO  com.example.ecommerce.ECommerceApplicationTests - Started ECommerceApplicationTests in 3.473 seconds (process running for 4.596)
02:09:15.814 [main] INFO  com.example.ecommerce.service.UserServiceTest - buraya geldi
02:09:15.817 [main] INFO  com.example.ecommerce.service.UserServiceTest - buraya geldi
02:09:15.824 [main] INFO  com.example.ecommerce.service.UserService - UserInformation mail: mail@gmail.com, firstName: firstName, lastName: lastName, active: true
02:09:15.838 [main] INFO  com.example.ecommerce.service.UserServiceTest - buraya geldi??????????????????????????????????????*
02:09:15.841 [main] INFO  com.example.ecommerce.service.UserService - usernformatin mail: mail@gmail.comfirstName100lastName100true
02:09:15.851 [main] INFO  com.example.ecommerce.service.UserServiceTest - buraya geldi
02:09:15.855 [main] INFO  com.example.ecommerce.service.UserServiceTest - buraya geldi??????????????????????????????????????*
02:09:15.885 [SpringApplicationShutdownHook] INFO  org.springframework.orm.jpa.LocalContainerEntityManagerFactoryBean - Closing JPA EntityManagerFactory for persistence unit 'default'
02:09:15.890 [SpringApplicationShutdownHook] INFO  com.zaxxer.hikari.HikariDataSource - HikariPool-1 - Shutdown initiated...
02:09:15.896 [SpringApplicationShutdownHook] INFO  com.zaxxer.hikari.HikariDataSource - HikariPool-1 - Shutdown completed.
17:57:58.907 [main] INFO  com.example.ecommerce.service.UserServiceTest - buraya geldi
17:57:58.916 [main] INFO  com.example.ecommerce.service.UserServiceTest - buraya geldi
17:57:58.941 [main] INFO  com.example.ecommerce.service.UserService - UserInformation mail: mail@gmail.com, firstName: firstName, lastName: lastName, active: true
17:57:58.968 [main] INFO  com.example.ecommerce.service.UserServiceTest - buraya geldi??????????????????????????????????????*
17:57:58.971 [main] INFO  com.example.ecommerce.service.UserService - user覺nformatin mail: mail@gmail.comfirstName100lastName100true
17:57:58.985 [main] INFO  com.example.ecommerce.service.UserServiceTest - buraya geldi
17:57:58.991 [main] INFO  com.example.ecommerce.service.UserServiceTest - buraya geldi??????????????????????????????????????*
